<?xml version="1.0" encoding="UTF-8"?>
<!-- Generated by org.testng.reporters.JUnitXMLReporter -->
<testsuite hostname="DESKTOP-DIKF5R3" ignored="0" name="Test" tests="2" failures="0" timestamp="2022-11-04T19:16:16 IST" time="3.474" errors="0">
  <testcase name="@BeforeClass beforeclass" time="3.368" classname="testpkg.TestNgClass2">
    <failure type="org.openqa.selenium.SessionNotCreatedException" message="session not created: This version of ChromeDriver only supports Chrome version 105
Current browser version is 107.0.5304.88 with binary path C:\Program Files (x86)\Google\Chrome\Application\chrome.exe
Build info: version: &amp;apos;3.141.59&amp;apos;, revision: &amp;apos;e82be7d358&amp;apos;, time: &amp;apos;2018-11-14T08:17:03&amp;apos;
System info: host: &amp;apos;DESKTOP-DIKF5R3&amp;apos;, ip: &amp;apos;192.168.43.9&amp;apos;, os.name: &amp;apos;Windows 10&amp;apos;, os.arch: &amp;apos;amd64&amp;apos;, os.version: &amp;apos;10.0&amp;apos;, java.version: &amp;apos;1.8.0_261&amp;apos;
Driver info: driver.version: ChromeDriver
remote stacktrace: Backtrace:
	Ordinal0 [0x00A9DF13+2219795]
	Ordinal0 [0x00A32841+1779777]
	Ordinal0 [0x0094423D+803389]
	Ordinal0 [0x009664AC+943276]
	Ordinal0 [0x009619F0+924144]
	Ordinal0 [0x0095F179+913785]
	Ordinal0 [0x009936B9+1128121]
	Ordinal0 [0x0099331A+1127194]
	Ordinal0 [0x0098E616+1107478]
	Ordinal0 [0x00967F89+950153]
	Ordinal0 [0x00968F56+954198]
	GetHandleVerifier [0x00D92CB2+3040210]
	GetHandleVerifier [0x00D82BB4+2974420]
	GetHandleVerifier [0x00B36A0A+565546]
	GetHandleVerifier [0x00B35680+560544]
	Ordinal0 [0x00A39A5C+1808988]
	Ordinal0 [0x00A3E3A8+1827752]
	Ordinal0 [0x00A3E495+1827989]
	Ordinal0 [0x00A480A4+1867940]
	BaseThreadInitThunk [0x77063744+36]
	RtlSetCurrentTransaction [0x77319E54+212]
	RtlSetCurrentTransaction [0x77319E1F+159]
">
      <![CDATA[org.openqa.selenium.SessionNotCreatedException: session not created: This version of ChromeDriver only supports Chrome version 105
Current browser version is 107.0.5304.88 with binary path C:\Program Files (x86)\Google\Chrome\Application\chrome.exe
Build info: version: '3.141.59', revision: 'e82be7d358', time: '2018-11-14T08:17:03'
System info: host: 'DESKTOP-DIKF5R3', ip: '192.168.43.9', os.name: 'Windows 10', os.arch: 'amd64', os.version: '10.0', java.version: '1.8.0_261'
Driver info: driver.version: ChromeDriver
remote stacktrace: Backtrace:
Ordinal0 [0x00A9DF13+2219795]
Ordinal0 [0x00A32841+1779777]
Ordinal0 [0x0094423D+803389]
Ordinal0 [0x009664AC+943276]
Ordinal0 [0x009619F0+924144]
Ordinal0 [0x0095F179+913785]
Ordinal0 [0x009936B9+1128121]
Ordinal0 [0x0099331A+1127194]
Ordinal0 [0x0098E616+1107478]
Ordinal0 [0x00967F89+950153]
Ordinal0 [0x00968F56+954198]
GetHandleVerifier [0x00D92CB2+3040210]
GetHandleVerifier [0x00D82BB4+2974420]
GetHandleVerifier [0x00B36A0A+565546]
GetHandleVerifier [0x00B35680+560544]
Ordinal0 [0x00A39A5C+1808988]
Ordinal0 [0x00A3E3A8+1827752]
Ordinal0 [0x00A3E495+1827989]
Ordinal0 [0x00A480A4+1867940]
BaseThreadInitThunk [0x77063744+36]
RtlSetCurrentTransaction [0x77319E54+212]
RtlSetCurrentTransaction [0x77319E1F+159]

at org.openqa.selenium.remote.W3CHandshakeResponse.lambda$errorHandler$0(W3CHandshakeResponse.java:62)
at org.openqa.selenium.remote.HandshakeResponse.lambda$getResponseFunction$0(HandshakeResponse.java:30)
at org.openqa.selenium.remote.ProtocolHandshake.lambda$createSession$0(ProtocolHandshake.java:126)
at java.util.stream.ReferencePipeline$3$1.accept(ReferencePipeline.java:193)
at java.util.Spliterators$ArraySpliterator.tryAdvance(Spliterators.java:958)
at java.util.stream.ReferencePipeline.forEachWithCancel(ReferencePipeline.java:126)
at java.util.stream.AbstractPipeline.copyIntoWithCancel(AbstractPipeline.java:499)
at java.util.stream.AbstractPipeline.copyInto(AbstractPipeline.java:486)
at java.util.stream.AbstractPipeline.wrapAndCopyInto(AbstractPipeline.java:472)
at java.util.stream.FindOps$FindOp.evaluateSequential(FindOps.java:152)
at java.util.stream.AbstractPipeline.evaluate(AbstractPipeline.java:234)
at java.util.stream.ReferencePipeline.findFirst(ReferencePipeline.java:464)
at org.openqa.selenium.remote.ProtocolHandshake.createSession(ProtocolHandshake.java:128)
at org.openqa.selenium.remote.ProtocolHandshake.createSession(ProtocolHandshake.java:74)
at org.openqa.selenium.remote.HttpCommandExecutor.execute(HttpCommandExecutor.java:136)
at org.openqa.selenium.remote.service.DriverCommandExecutor.execute(DriverCommandExecutor.java:83)
at org.openqa.selenium.remote.RemoteWebDriver.execute(RemoteWebDriver.java:552)
at org.openqa.selenium.remote.RemoteWebDriver.startSession(RemoteWebDriver.java:213)
at org.openqa.selenium.remote.RemoteWebDriver.<init>(RemoteWebDriver.java:131)
at org.openqa.selenium.chrome.ChromeDriver.<init>(ChromeDriver.java:181)
at org.openqa.selenium.chrome.ChromeDriver.<init>(ChromeDriver.java:168)
at org.openqa.selenium.chrome.ChromeDriver.<init>(ChromeDriver.java:123)
at testpkg.TestNgClass2.beforeclass(TestNgClass2.java:28)
at java.util.ArrayList.forEach(ArrayList.java:1259)
... Removed 29 stack frames]]>
    </failure>
  </testcase> <!-- @BeforeClass beforeclass -->
  <testcase name="@BeforeMethod beforemethod" time="-1.667569575968E9" classname="testpkg.TestNgClass2">
    <skipped/>
  </testcase> <!-- @BeforeMethod beforemethod -->
  <testcase name="@AfterMethod aftermethod" time="-1.667569575978E9" classname="testpkg.TestNgClass2">
    <skipped/>
  </testcase> <!-- @AfterMethod aftermethod -->
  <testcase name="@BeforeMethod beforemethod" time="-1.667569575983E9" classname="testpkg.TestNgClass2">
    <skipped/>
  </testcase> <!-- @BeforeMethod beforemethod -->
  <testcase name="@AfterMethod aftermethod" time="-1.667569575994E9" classname="testpkg.TestNgClass2">
    <skipped/>
  </testcase> <!-- @AfterMethod aftermethod -->
  <testcase name="@AfterClass afterclass" time="-1.667569575999E9" classname="testpkg.TestNgClass2">
    <skipped/>
  </testcase> <!-- @AfterClass afterclass -->
  <testcase name="test1" time="0.001" classname="testpkg.TestNgClass2">
    <skipped/>
  </testcase> <!-- test1 -->
  <testcase name="test2" time="0.0" classname="testpkg.TestNgClass2">
    <skipped/>
  </testcase> <!-- test2 -->
</testsuite> <!-- Test -->
